{
  "RSpec": {
    "coverage": {
      "/Users/danieldenhartog/Documents/ChitterChallengeTechTest v1.0/spec/chitter_spec.rb": [
        1,
        null,
        1,
        2,
        1,
        1,
        1,
        null,
        null,
        null,
        null,
        null,
        null,
        null,
        null,
        null
      ],
      "/Users/danieldenhartog/Documents/ChitterChallengeTechTest v1.0/spec/features/signing_up_spec.rb": [
        1,
        1,
        1,
        1,
        1,
        1,
        1,
        null,
        null,
        null
      ],
      "/Users/danieldenhartog/Documents/ChitterChallengeTechTest v1.0/spec/features/view_peeps_spec.rb": [
        1,
        1,
        1,
        1,
        null,
        null
      ]
    },
    "timestamp": 1537626379
  }
}
