{
  "RSpec": {
    "coverage": {
      "/Users/danieldenhartog/Documents/Tchat_Box/spec/chitter_spec.rb": [
        1,
        null,
        1,
        2,
        1,
        1,
        1,
        null,
        null,
        null,
        null,
        null,
        null,
        null,
        null,
        null
      ],
      "/Users/danieldenhartog/Documents/Tchat_Box/spec/features/view_peeps_spec.rb": [
        1,
        1,
        1,
        1,
        null,
        null
      ]
    },
    "timestamp": 1536705249
  }
}
